TN:
SF:src/__tests__/helpers/test-helpers.js
FN:2,createMockFunction
FN:3,fn
FN:8,fn.mockReturnValue
FN:12,fn.mockClear
FN:18,expect
FN:72,createTestElement
FN:79,cleanupTestElement
FN:87,clear
FN:90,getItem
FN:93,setItem
FN:96,removeItem
FN:105,createInputEvent
FNF:12
FNH:1
FNDA:5,createMockFunction
FNDA:0,fn
FNDA:0,fn.mockReturnValue
FNDA:0,fn.mockClear
FNDA:0,expect
FNDA:0,createTestElement
FNDA:0,cleanupTestElement
FNDA:0,clear
FNDA:0,getItem
FNDA:0,setItem
FNDA:0,removeItem
FNDA:0,createInputEvent
DA:1,5
DA:2,5
DA:3,5
DA:4,0
DA:5,0
DA:6,5
DA:7,5
DA:8,5
DA:9,0
DA:10,0
DA:11,5
DA:12,5
DA:13,0
DA:14,5
DA:15,5
DA:16,5
DA:17,5
DA:18,5
DA:19,0
DA:20,0
DA:21,0
DA:22,0
DA:23,0
DA:24,0
DA:25,0
DA:26,0
DA:27,0
DA:28,0
DA:29,0
DA:30,0
DA:31,0
DA:32,0
DA:33,0
DA:34,0
DA:35,0
DA:36,0
DA:37,0
DA:38,0
DA:39,0
DA:40,0
DA:41,0
DA:42,0
DA:43,5
DA:44,5
DA:45,5
DA:46,5
DA:47,5
DA:48,5
DA:49,5
DA:50,5
DA:51,5
DA:52,5
DA:53,5
DA:54,5
DA:55,5
DA:56,5
DA:57,5
DA:58,5
DA:59,5
DA:60,5
DA:61,5
DA:62,5
DA:63,5
DA:64,5
DA:65,5
DA:66,5
DA:67,5
DA:68,5
DA:69,5
DA:70,5
DA:71,5
DA:72,5
DA:73,0
DA:74,0
DA:75,0
DA:76,0
DA:77,5
DA:78,5
DA:79,5
DA:80,0
DA:81,0
DA:82,0
DA:83,5
DA:84,5
DA:85,5
DA:86,5
DA:87,5
DA:88,0
DA:89,5
DA:90,5
DA:91,0
DA:92,5
DA:93,5
DA:94,0
DA:95,5
DA:96,5
DA:97,0
DA:98,0
DA:99,5
DA:100,5
DA:101,5
DA:102,5
DA:103,5
DA:104,5
DA:105,5
DA:106,0
DA:107,0
DA:108,0
DA:109,0
DA:110,5
LF:110
LH:65
BRDA:2,0,0,5
BRDA:2,1,0,5
BRF:2
BRH:2
end_of_record
TN:
SF:src/components/confirmation-dialog.js
FN:5,get properties
FN:13,get styles
FN:154,render
FN:179,_getTitle
FN:187,_getMessage
FN:195,_handleOverlayClick
FN:201,_stopPropagation
FN:205,_cancel
FN:209,_confirm
FNF:9
FNH:8
FNDA:5,get properties
FNDA:5,get styles
FNDA:47,render
FNDA:47,_getTitle
FNDA:47,_getMessage
FNDA:0,_handleOverlayClick
FNDA:2,_stopPropagation
FNDA:1,_cancel
FNDA:1,_confirm
DA:1,5
DA:2,5
DA:3,5
DA:4,5
DA:5,5
DA:6,5
DA:7,5
DA:8,5
DA:9,5
DA:10,5
DA:11,5
DA:12,5
DA:13,5
DA:14,5
DA:15,5
DA:16,5
DA:17,5
DA:18,5
DA:19,5
DA:20,5
DA:21,5
DA:22,5
DA:23,5
DA:24,5
DA:25,5
DA:26,5
DA:27,5
DA:28,5
DA:29,5
DA:30,5
DA:31,5
DA:32,5
DA:33,5
DA:34,5
DA:35,5
DA:36,5
DA:37,5
DA:38,5
DA:39,5
DA:40,5
DA:41,5
DA:42,5
DA:43,5
DA:44,5
DA:45,5
DA:46,5
DA:47,5
DA:48,5
DA:49,5
DA:50,5
DA:51,5
DA:52,5
DA:53,5
DA:54,5
DA:55,5
DA:56,5
DA:57,5
DA:58,5
DA:59,5
DA:60,5
DA:61,5
DA:62,5
DA:63,5
DA:64,5
DA:65,5
DA:66,5
DA:67,5
DA:68,5
DA:69,5
DA:70,5
DA:71,5
DA:72,5
DA:73,5
DA:74,5
DA:75,5
DA:76,5
DA:77,5
DA:78,5
DA:79,5
DA:80,5
DA:81,5
DA:82,5
DA:83,5
DA:84,5
DA:85,5
DA:86,5
DA:87,5
DA:88,5
DA:89,5
DA:90,5
DA:91,5
DA:92,5
DA:93,5
DA:94,5
DA:95,5
DA:96,5
DA:97,5
DA:98,5
DA:99,5
DA:100,5
DA:101,5
DA:102,5
DA:103,5
DA:104,5
DA:105,5
DA:106,5
DA:107,5
DA:108,5
DA:109,5
DA:110,5
DA:111,5
DA:112,5
DA:113,5
DA:114,5
DA:115,5
DA:116,5
DA:117,5
DA:118,5
DA:119,5
DA:120,5
DA:121,5
DA:122,5
DA:123,5
DA:124,5
DA:125,5
DA:126,5
DA:127,5
DA:128,5
DA:129,5
DA:130,5
DA:131,5
DA:132,5
DA:133,5
DA:134,5
DA:135,5
DA:136,5
DA:137,5
DA:138,5
DA:139,5
DA:140,5
DA:141,5
DA:142,5
DA:143,5
DA:144,5
DA:145,5
DA:146,5
DA:147,5
DA:148,5
DA:149,5
DA:150,5
DA:151,5
DA:152,5
DA:153,5
DA:154,5
DA:155,47
DA:156,47
DA:157,47
DA:158,47
DA:159,47
DA:160,47
DA:161,47
DA:162,47
DA:163,47
DA:164,47
DA:165,47
DA:166,47
DA:167,47
DA:168,47
DA:169,47
DA:170,47
DA:171,47
DA:172,47
DA:173,47
DA:174,47
DA:175,47
DA:176,47
DA:177,47
DA:178,5
DA:179,5
DA:180,47
DA:181,47
DA:182,47
DA:183,47
DA:184,47
DA:185,47
DA:186,5
DA:187,5
DA:188,47
DA:189,47
DA:190,47
DA:191,47
DA:192,47
DA:193,47
DA:194,5
DA:195,5
DA:196,0
DA:197,0
DA:198,0
DA:199,0
DA:200,5
DA:201,5
DA:202,2
DA:203,2
DA:204,5
DA:205,5
DA:206,1
DA:207,1
DA:208,5
DA:209,5
DA:210,1
DA:211,1
DA:212,5
DA:213,5
DA:214,5
LF:214
LH:210
BRDA:1,0,0,5
BRDA:5,1,0,5
BRDA:13,2,0,5
BRDA:154,3,0,48
BRDA:156,4,0,12
BRDA:156,5,0,37
BRDA:179,6,0,48
BRDA:184,7,0,1
BRDA:187,8,0,48
BRDA:192,9,0,1
BRDA:201,10,0,6
BRDA:205,11,0,5
BRDA:209,12,0,5
BRF:13
BRH:13
end_of_record
TN:
SF:src/components/employee-container.js
FN:11,get properties
FN:24,get styles
FN:180,EmployeeContainer
FN:190,connectedCallback
FN:195,loadEmployees
FN:204,render
FN:262,renderPagination
FN:326,_renderListView
FN:352,get filteredEmployees
FN:374,switchViewMode
FN:379,handleSearch
FN:384,navigatePage
FN:390,editEmployee
FN:395,deleteEmployee
FNF:14
FNH:11
FNDA:1,get properties
FNDA:1,get styles
FNDA:7,EmployeeContainer
FNDA:7,connectedCallback
FNDA:7,loadEmployees
FNDA:22,render
FNDA:22,renderPagination
FNDA:0,_renderListView
FNDA:23,get filteredEmployees
FNDA:1,switchViewMode
FNDA:1,handleSearch
FNDA:2,navigatePage
FNDA:0,editEmployee
FNDA:0,deleteEmployee
DA:1,1
DA:2,1
DA:3,1
DA:4,1
DA:5,1
DA:6,1
DA:7,1
DA:8,1
DA:9,1
DA:10,1
DA:11,1
DA:12,1
DA:13,1
DA:14,1
DA:15,1
DA:16,1
DA:17,1
DA:18,1
DA:19,1
DA:20,1
DA:21,1
DA:22,1
DA:23,1
DA:24,1
DA:25,1
DA:26,1
DA:27,1
DA:28,1
DA:29,1
DA:30,1
DA:31,1
DA:32,1
DA:33,1
DA:34,1
DA:35,1
DA:36,1
DA:37,1
DA:38,1
DA:39,1
DA:40,1
DA:41,1
DA:42,1
DA:43,1
DA:44,1
DA:45,1
DA:46,1
DA:47,1
DA:48,1
DA:49,1
DA:50,1
DA:51,1
DA:52,1
DA:53,1
DA:54,1
DA:55,1
DA:56,1
DA:57,1
DA:58,1
DA:59,1
DA:60,1
DA:61,1
DA:62,1
DA:63,1
DA:64,1
DA:65,1
DA:66,1
DA:67,1
DA:68,1
DA:69,1
DA:70,1
DA:71,1
DA:72,1
DA:73,1
DA:74,1
DA:75,1
DA:76,1
DA:77,1
DA:78,1
DA:79,1
DA:80,1
DA:81,1
DA:82,1
DA:83,1
DA:84,1
DA:85,1
DA:86,1
DA:87,1
DA:88,1
DA:89,1
DA:90,1
DA:91,1
DA:92,1
DA:93,1
DA:94,1
DA:95,1
DA:96,1
DA:97,1
DA:98,1
DA:99,1
DA:100,1
DA:101,1
DA:102,1
DA:103,1
DA:104,1
DA:105,1
DA:106,1
DA:107,1
DA:108,1
DA:109,1
DA:110,1
DA:111,1
DA:112,1
DA:113,1
DA:114,1
DA:115,1
DA:116,1
DA:117,1
DA:118,1
DA:119,1
DA:120,1
DA:121,1
DA:122,1
DA:123,1
DA:124,1
DA:125,1
DA:126,1
DA:127,1
DA:128,1
DA:129,1
DA:130,1
DA:131,1
DA:132,1
DA:133,1
DA:134,1
DA:135,1
DA:136,1
DA:137,1
DA:138,1
DA:139,1
DA:140,1
DA:141,1
DA:142,1
DA:143,1
DA:144,1
DA:145,1
DA:146,1
DA:147,1
DA:148,1
DA:149,1
DA:150,1
DA:151,1
DA:152,1
DA:153,1
DA:154,1
DA:155,1
DA:156,1
DA:157,1
DA:158,1
DA:159,1
DA:160,1
DA:161,1
DA:162,1
DA:163,1
DA:164,1
DA:165,1
DA:166,1
DA:167,1
DA:168,1
DA:169,1
DA:170,1
DA:171,1
DA:172,1
DA:173,1
DA:174,1
DA:175,1
DA:176,1
DA:177,1
DA:178,1
DA:179,1
DA:180,1
DA:181,7
DA:182,7
DA:183,7
DA:184,7
DA:185,7
DA:186,7
DA:187,7
DA:188,7
DA:189,1
DA:190,1
DA:191,7
DA:192,7
DA:193,7
DA:194,1
DA:195,1
DA:196,7
DA:197,7
DA:198,7
DA:199,7
DA:200,0
DA:201,0
DA:202,7
DA:203,1
DA:204,1
DA:205,22
DA:206,22
DA:207,22
DA:208,22
DA:209,22
DA:210,22
DA:211,22
DA:212,22
DA:213,22
DA:214,22
DA:215,22
DA:216,22
DA:217,22
DA:218,22
DA:219,22
DA:220,22
DA:221,22
DA:222,22
DA:223,22
DA:224,22
DA:225,22
DA:226,22
DA:227,22
DA:228,22
DA:229,22
DA:230,22
DA:231,22
DA:232,22
DA:233,22
DA:234,22
DA:235,22
DA:236,22
DA:237,22
DA:238,22
DA:239,22
DA:240,22
DA:241,22
DA:242,22
DA:243,22
DA:244,22
DA:245,22
DA:246,20
DA:247,20
DA:248,20
DA:249,20
DA:250,22
DA:251,2
DA:252,2
DA:253,2
DA:254,2
DA:255,22
DA:256,22
DA:257,22
DA:258,22
DA:259,22
DA:260,22
DA:261,1
DA:262,1
DA:263,22
DA:264,22
DA:265,22
DA:266,22
DA:267,22
DA:268,22
DA:269,22
DA:270,22
DA:271,22
DA:272,22
DA:273,22
DA:274,22
DA:275,22
DA:276,22
DA:277,22
DA:278,22
DA:279,22
DA:280,22
DA:281,22
DA:282,22
DA:283,0
DA:284,0
DA:285,0
DA:286,0
DA:287,0
DA:288,22
DA:289,22
DA:290,19
DA:291,19
DA:292,19
DA:293,19
DA:294,19
DA:295,19
DA:296,19
DA:297,19
DA:298,19
DA:299,19
DA:300,22
DA:301,0
DA:302,0
DA:303,0
DA:304,0
DA:305,0
DA:306,0
DA:307,0
DA:308,0
DA:309,0
DA:310,0
DA:311,22
DA:312,22
DA:313,22
DA:314,22
DA:315,22
DA:316,22
DA:317,22
DA:318,22
DA:319,22
DA:320,22
DA:321,22
DA:322,22
DA:323,22
DA:324,22
DA:325,1
DA:326,1
DA:327,0
DA:328,0
DA:329,0
DA:330,0
DA:331,0
DA:332,0
DA:333,0
DA:334,0
DA:335,0
DA:336,0
DA:337,0
DA:338,0
DA:339,0
DA:340,0
DA:341,0
DA:342,0
DA:343,0
DA:344,0
DA:345,0
DA:346,0
DA:347,0
DA:348,0
DA:349,0
DA:350,0
DA:351,1
DA:352,1
DA:353,23
DA:354,23
DA:355,23
DA:356,3
DA:357,3
DA:358,6
DA:359,6
DA:360,6
DA:361,6
DA:362,3
DA:363,3
DA:364,23
DA:365,23
DA:366,23
DA:367,23
DA:368,23
DA:369,23
DA:370,23
DA:371,23
DA:372,23
DA:373,1
DA:374,1
DA:375,1
DA:376,1
DA:377,1
DA:378,1
DA:379,1
DA:380,1
DA:381,1
DA:382,1
DA:383,1
DA:384,1
DA:385,2
DA:386,2
DA:387,2
DA:388,2
DA:389,1
DA:390,1
DA:391,0
DA:392,0
DA:393,0
DA:394,1
DA:395,1
DA:396,0
DA:397,0
DA:398,0
DA:399,0
DA:400,1
DA:401,1
DA:402,1
DA:403,1
LF:403
LH:355
BRDA:1,0,0,1
BRDA:11,1,0,1
BRDA:24,2,0,1
BRDA:180,3,0,7
BRDA:190,4,0,7
BRDA:195,5,0,7
BRDA:199,6,0,0
BRDA:204,7,0,22
BRDA:223,8,0,2
BRDA:223,9,0,20
BRDA:232,10,0,20
BRDA:232,11,0,2
BRDA:245,12,0,20
BRDA:250,13,0,2
BRDA:262,14,0,22
BRDA:263,15,0,20
BRDA:263,16,0,2
BRDA:282,17,0,0
BRDA:289,18,0,19
BRDA:292,19,0,15
BRDA:292,20,0,4
BRDA:299,21,0,19
BRDA:300,22,0,0
BRDA:352,23,0,23
BRDA:355,24,0,3
BRDA:365,25,0,21
BRDA:365,26,0,2
BRDA:357,27,0,6
BRDA:359,28,0,3
BRDA:360,29,0,3
BRDA:374,30,0,1
BRDA:379,31,0,1
BRDA:384,32,0,2
BRF:33
BRH:30
end_of_record
TN:
SF:src/components/employee-form.js
FN:8,get properties
FN:17,get styles
FN:131,EmployeeForm
FN:153,disconnectedCallback
FN:159,render
FN:294,updateField
FN:302,validate
FN:355,formatDate
FN:365,save
FN:375,_handleDialogCancel
FN:379,_handleDialogConfirm
FN:384,_saveToDB
FN:393,cancel
FN:397,connectedCallback
FN:147,EmployeeForm.handleLanguageChange
FNF:15
FNH:9
FNDA:2,get properties
FNDA:2,get styles
FNDA:8,EmployeeForm
FNDA:8,disconnectedCallback
FNDA:15,render
FNDA:3,updateField
FNDA:3,validate
FNDA:0,formatDate
FNDA:1,save
FNDA:0,_handleDialogCancel
FNDA:0,_handleDialogConfirm
FNDA:0,_saveToDB
FNDA:0,cancel
FNDA:8,connectedCallback
FNDA:0,EmployeeForm.handleLanguageChange
DA:1,2
DA:2,2
DA:3,2
DA:4,2
DA:5,2
DA:6,2
DA:7,2
DA:8,2
DA:9,2
DA:10,2
DA:11,2
DA:12,2
DA:13,2
DA:14,2
DA:15,2
DA:16,2
DA:17,2
DA:18,2
DA:19,2
DA:20,2
DA:21,2
DA:22,2
DA:23,2
DA:24,2
DA:25,2
DA:26,2
DA:27,2
DA:28,2
DA:29,2
DA:30,2
DA:31,2
DA:32,2
DA:33,2
DA:34,2
DA:35,2
DA:36,2
DA:37,2
DA:38,2
DA:39,2
DA:40,2
DA:41,2
DA:42,2
DA:43,2
DA:44,2
DA:45,2
DA:46,2
DA:47,2
DA:48,2
DA:49,2
DA:50,2
DA:51,2
DA:52,2
DA:53,2
DA:54,2
DA:55,2
DA:56,2
DA:57,2
DA:58,2
DA:59,2
DA:60,2
DA:61,2
DA:62,2
DA:63,2
DA:64,2
DA:65,2
DA:66,2
DA:67,2
DA:68,2
DA:69,2
DA:70,2
DA:71,2
DA:72,2
DA:73,2
DA:74,2
DA:75,2
DA:76,2
DA:77,2
DA:78,2
DA:79,2
DA:80,2
DA:81,2
DA:82,2
DA:83,2
DA:84,2
DA:85,2
DA:86,2
DA:87,2
DA:88,2
DA:89,2
DA:90,2
DA:91,2
DA:92,2
DA:93,2
DA:94,2
DA:95,2
DA:96,2
DA:97,2
DA:98,2
DA:99,2
DA:100,2
DA:101,2
DA:102,2
DA:103,2
DA:104,2
DA:105,2
DA:106,2
DA:107,2
DA:108,2
DA:109,2
DA:110,2
DA:111,2
DA:112,2
DA:113,2
DA:114,2
DA:115,2
DA:116,2
DA:117,2
DA:118,2
DA:119,2
DA:120,2
DA:121,2
DA:122,2
DA:123,2
DA:124,2
DA:125,2
DA:126,2
DA:127,2
DA:128,2
DA:129,2
DA:130,2
DA:131,2
DA:132,8
DA:133,8
DA:134,8
DA:135,8
DA:136,8
DA:137,8
DA:138,8
DA:139,8
DA:140,8
DA:141,8
DA:142,8
DA:143,8
DA:144,8
DA:145,8
DA:146,8
DA:147,8
DA:148,0
DA:149,8
DA:150,8
DA:151,8
DA:152,2
DA:153,2
DA:154,8
DA:155,8
DA:156,8
DA:157,2
DA:158,2
DA:159,2
DA:160,15
DA:161,15
DA:162,15
DA:163,15
DA:164,15
DA:165,15
DA:166,15
DA:167,15
DA:168,15
DA:169,15
DA:170,15
DA:171,15
DA:172,15
DA:173,15
DA:174,15
DA:175,15
DA:176,15
DA:177,15
DA:178,15
DA:179,15
DA:180,15
DA:181,15
DA:182,15
DA:183,15
DA:184,15
DA:185,15
DA:186,15
DA:187,15
DA:188,15
DA:189,15
DA:190,15
DA:191,15
DA:192,15
DA:193,15
DA:194,15
DA:195,15
DA:196,15
DA:197,15
DA:198,15
DA:199,15
DA:200,15
DA:201,15
DA:202,15
DA:203,15
DA:204,15
DA:205,15
DA:206,15
DA:207,15
DA:208,15
DA:209,15
DA:210,15
DA:211,15
DA:212,15
DA:213,15
DA:214,15
DA:215,15
DA:216,15
DA:217,15
DA:218,15
DA:219,15
DA:220,15
DA:221,15
DA:222,15
DA:223,15
DA:224,15
DA:225,15
DA:226,15
DA:227,15
DA:228,15
DA:229,15
DA:230,15
DA:231,15
DA:232,15
DA:233,15
DA:234,15
DA:235,15
DA:236,15
DA:237,15
DA:238,15
DA:239,15
DA:240,15
DA:241,15
DA:242,15
DA:243,15
DA:244,15
DA:245,15
DA:246,15
DA:247,15
DA:248,15
DA:249,15
DA:250,15
DA:251,15
DA:252,15
DA:253,15
DA:254,15
DA:255,15
DA:256,15
DA:257,15
DA:258,15
DA:259,15
DA:260,15
DA:261,15
DA:262,15
DA:263,15
DA:264,15
DA:265,3
DA:266,3
DA:267,10
DA:268,10
DA:269,10
DA:270,10
DA:271,3
DA:272,3
DA:273,15
DA:274,15
DA:275,15
DA:276,15
DA:277,15
DA:278,15
DA:279,15
DA:280,15
DA:281,15
DA:282,15
DA:283,15
DA:284,15
DA:285,15
DA:286,15
DA:287,15
DA:288,15
DA:289,15
DA:290,15
DA:291,15
DA:292,15
DA:293,2
DA:294,2
DA:295,3
DA:296,3
DA:297,3
DA:298,3
DA:299,3
DA:300,3
DA:301,2
DA:302,2
DA:303,3
DA:304,3
DA:305,3
DA:306,3
DA:307,3
DA:308,3
DA:309,1
DA:310,1
DA:311,3
DA:312,1
DA:313,1
DA:314,3
DA:315,1
DA:316,1
DA:317,3
DA:318,1
DA:319,1
DA:320,3
DA:321,1
DA:322,1
DA:323,3
DA:324,3
DA:325,3
DA:326,1
DA:327,1
DA:328,3
DA:329,3
DA:330,1
DA:331,1
DA:332,3
DA:333,3
DA:334,3
DA:335,3
DA:336,3
DA:337,0
DA:338,0
DA:339,3
DA:340,3
DA:341,3
DA:342,3
DA:343,1
DA:344,1
DA:345,3
DA:346,3
DA:347,3
DA:348,2
DA:349,2
DA:350,3
DA:351,3
DA:352,3
DA:353,3
DA:354,2
DA:355,2
DA:356,0
DA:357,0
DA:358,0
DA:359,0
DA:360,0
DA:361,0
DA:362,0
DA:363,0
DA:364,2
DA:365,2
DA:366,1
DA:367,0
DA:368,0
DA:369,0
DA:370,0
DA:371,0
DA:372,0
DA:373,1
DA:374,2
DA:375,2
DA:376,0
DA:377,0
DA:378,2
DA:379,2
DA:380,0
DA:381,0
DA:382,0
DA:383,2
DA:384,2
DA:385,0
DA:386,0
DA:387,0
DA:388,0
DA:389,0
DA:390,0
DA:391,0
DA:392,2
DA:393,2
DA:394,0
DA:395,0
DA:396,2
DA:397,2
DA:398,8
DA:399,8
DA:400,8
DA:401,8
DA:402,8
DA:403,8
DA:404,0
DA:405,0
DA:406,0
DA:407,0
DA:408,0
DA:409,0
DA:410,0
DA:411,0
DA:412,0
DA:413,0
DA:414,0
DA:415,0
DA:416,0
DA:417,0
DA:418,0
DA:419,0
DA:420,0
DA:421,0
DA:422,8
DA:423,8
DA:424,8
DA:425,8
DA:426,8
DA:427,8
DA:428,8
DA:429,8
DA:430,8
DA:431,8
DA:432,8
DA:433,8
DA:434,8
DA:435,8
DA:436,2
DA:437,2
DA:438,2
LF:438
LH:389
BRDA:1,0,0,2
BRDA:8,1,0,2
BRDA:17,2,0,2
BRDA:131,3,0,9
BRDA:153,4,0,9
BRDA:159,5,0,16
BRDA:164,6,0,15
BRDA:165,7,0,2
BRDA:198,8,0,13
BRDA:264,9,0,4
BRDA:273,10,0,13
BRDA:266,11,0,11
BRDA:294,12,0,4
BRDA:302,13,0,4
BRDA:308,14,0,2
BRDA:311,15,0,2
BRDA:314,16,0,2
BRDA:317,17,0,2
BRDA:320,18,0,2
BRDA:325,19,0,2
BRDA:329,20,0,2
BRDA:336,21,0,1
BRDA:342,22,0,3
BRDA:342,23,0,2
BRDA:347,24,0,3
BRDA:347,25,0,3
BRDA:365,26,0,2
BRDA:367,27,0,1
BRDA:397,28,0,9
BRDA:403,29,0,1
BRDA:403,30,0,1
BRF:31
BRH:31
end_of_record
TN:
SF:src/components/icons/icons.js
FNF:0
FNH:0
DA:1,3
DA:2,3
DA:3,3
DA:4,3
DA:5,3
DA:6,3
DA:7,3
DA:8,3
DA:9,3
DA:10,3
DA:11,3
DA:12,3
DA:13,3
DA:14,3
DA:15,3
DA:16,3
DA:17,3
DA:18,3
DA:19,3
DA:20,3
DA:21,3
DA:22,3
DA:23,3
DA:24,3
DA:25,3
LF:25
LH:25
BRDA:1,0,0,3
BRF:1
BRH:1
end_of_record
TN:
SF:src/components/views/employee-list-view.js
FN:8,get properties
FN:16,EmployeeListView
FN:22,get styles
FN:150,formatDate
FN:163,render
FN:225,editEmployee
FN:233,deleteEmployee
FN:238,_handleDeleteCancel
FN:243,_handleDeleteConfirm
FNF:9
FNH:8
FNDA:2,get properties
FNDA:13,EmployeeListView
FNDA:2,get styles
FNDA:62,formatDate
FNDA:16,render
FNDA:1,editEmployee
FNDA:2,deleteEmployee
FNDA:0,_handleDeleteCancel
FNDA:1,_handleDeleteConfirm
DA:1,2
DA:2,2
DA:3,2
DA:4,2
DA:5,2
DA:6,2
DA:7,2
DA:8,2
DA:9,2
DA:10,2
DA:11,2
DA:12,2
DA:13,2
DA:14,2
DA:15,2
DA:16,2
DA:17,13
DA:18,13
DA:19,13
DA:20,13
DA:21,2
DA:22,2
DA:23,2
DA:24,2
DA:25,2
DA:26,2
DA:27,2
DA:28,2
DA:29,2
DA:30,2
DA:31,2
DA:32,2
DA:33,2
DA:34,2
DA:35,2
DA:36,2
DA:37,2
DA:38,2
DA:39,2
DA:40,2
DA:41,2
DA:42,2
DA:43,2
DA:44,2
DA:45,2
DA:46,2
DA:47,2
DA:48,2
DA:49,2
DA:50,2
DA:51,2
DA:52,2
DA:53,2
DA:54,2
DA:55,2
DA:56,2
DA:57,2
DA:58,2
DA:59,2
DA:60,2
DA:61,2
DA:62,2
DA:63,2
DA:64,2
DA:65,2
DA:66,2
DA:67,2
DA:68,2
DA:69,2
DA:70,2
DA:71,2
DA:72,2
DA:73,2
DA:74,2
DA:75,2
DA:76,2
DA:77,2
DA:78,2
DA:79,2
DA:80,2
DA:81,2
DA:82,2
DA:83,2
DA:84,2
DA:85,2
DA:86,2
DA:87,2
DA:88,2
DA:89,2
DA:90,2
DA:91,2
DA:92,2
DA:93,2
DA:94,2
DA:95,2
DA:96,2
DA:97,2
DA:98,2
DA:99,2
DA:100,2
DA:101,2
DA:102,2
DA:103,2
DA:104,2
DA:105,2
DA:106,2
DA:107,2
DA:108,2
DA:109,2
DA:110,2
DA:111,2
DA:112,2
DA:113,2
DA:114,2
DA:115,2
DA:116,2
DA:117,2
DA:118,2
DA:119,2
DA:120,2
DA:121,2
DA:122,2
DA:123,2
DA:124,2
DA:125,2
DA:126,2
DA:127,2
DA:128,2
DA:129,2
DA:130,2
DA:131,2
DA:132,2
DA:133,2
DA:134,2
DA:135,2
DA:136,2
DA:137,2
DA:138,2
DA:139,2
DA:140,2
DA:141,2
DA:142,2
DA:143,2
DA:144,2
DA:145,2
DA:146,2
DA:147,2
DA:148,2
DA:149,2
DA:150,2
DA:151,62
DA:152,62
DA:153,62
DA:154,62
DA:155,62
DA:156,62
DA:157,62
DA:158,62
DA:159,0
DA:160,0
DA:161,62
DA:162,2
DA:163,2
DA:164,16
DA:165,16
DA:166,16
DA:167,30
DA:168,30
DA:169,30
DA:170,30
DA:171,30
DA:172,30
DA:173,30
DA:174,30
DA:175,30
DA:176,30
DA:177,30
DA:178,30
DA:179,30
DA:180,30
DA:181,30
DA:182,30
DA:183,30
DA:184,30
DA:185,30
DA:186,30
DA:187,30
DA:188,30
DA:189,30
DA:190,30
DA:191,30
DA:192,30
DA:193,30
DA:194,30
DA:195,30
DA:196,30
DA:197,30
DA:198,30
DA:199,30
DA:200,30
DA:201,30
DA:202,30
DA:203,30
DA:204,30
DA:205,30
DA:206,30
DA:207,30
DA:208,30
DA:209,30
DA:210,30
DA:211,30
DA:212,30
DA:213,30
DA:214,16
DA:215,16
DA:216,16
DA:217,16
DA:218,16
DA:219,16
DA:220,16
DA:221,16
DA:222,16
DA:223,16
DA:224,2
DA:225,2
DA:226,1
DA:227,1
DA:228,1
DA:229,1
DA:230,1
DA:231,1
DA:232,2
DA:233,2
DA:234,2
DA:235,2
DA:236,2
DA:237,2
DA:238,2
DA:239,0
DA:240,0
DA:241,0
DA:242,2
DA:243,2
DA:244,1
DA:245,1
DA:246,1
DA:247,1
DA:248,1
DA:249,1
DA:250,1
DA:251,1
DA:252,2
DA:253,2
DA:254,2
LF:254
LH:249
BRDA:1,0,0,2
BRDA:8,1,0,2
BRDA:16,2,0,13
BRDA:22,3,0,2
BRDA:150,4,0,62
BRDA:151,5,0,0
BRDA:158,6,0,0
BRDA:163,7,0,16
BRDA:218,8,0,2
BRDA:218,9,0,2
BRDA:166,10,0,30
BRDA:200,11,0,5
BRDA:207,12,0,5
BRDA:225,13,0,2
BRDA:233,14,0,3
BRDA:243,15,0,2
BRF:16
BRH:14
end_of_record
TN:
SF:src/components/views/employee-table-view.js
FN:8,get properties
FN:16,EmployeeTableView
FN:22,get styles
FN:165,formatDate
FN:179,render
FN:261,_formatDate
FN:270,editEmployee
FN:278,deleteEmployee
FN:283,_handleDeleteCancel
FN:288,_handleDeleteConfirm
FN:298,_handleSelectAll
FN:319,_handleIndividualCheckbox
FN:336,updated
FNF:13
FNH:10
FNDA:2,get properties
FNDA:16,EmployeeTableView
FNDA:2,get styles
FNDA:165,formatDate
FNDA:32,render
FNDA:0,_formatDate
FNDA:1,editEmployee
FNDA:2,deleteEmployee
FNDA:0,_handleDeleteCancel
FNDA:1,_handleDeleteConfirm
FNDA:1,_handleSelectAll
FNDA:0,_handleIndividualCheckbox
FNDA:32,updated
DA:1,2
DA:2,2
DA:3,2
DA:4,2
DA:5,2
DA:6,2
DA:7,2
DA:8,2
DA:9,2
DA:10,2
DA:11,2
DA:12,2
DA:13,2
DA:14,2
DA:15,2
DA:16,2
DA:17,16
DA:18,16
DA:19,16
DA:20,16
DA:21,2
DA:22,2
DA:23,2
DA:24,2
DA:25,2
DA:26,2
DA:27,2
DA:28,2
DA:29,2
DA:30,2
DA:31,2
DA:32,2
DA:33,2
DA:34,2
DA:35,2
DA:36,2
DA:37,2
DA:38,2
DA:39,2
DA:40,2
DA:41,2
DA:42,2
DA:43,2
DA:44,2
DA:45,2
DA:46,2
DA:47,2
DA:48,2
DA:49,2
DA:50,2
DA:51,2
DA:52,2
DA:53,2
DA:54,2
DA:55,2
DA:56,2
DA:57,2
DA:58,2
DA:59,2
DA:60,2
DA:61,2
DA:62,2
DA:63,2
DA:64,2
DA:65,2
DA:66,2
DA:67,2
DA:68,2
DA:69,2
DA:70,2
DA:71,2
DA:72,2
DA:73,2
DA:74,2
DA:75,2
DA:76,2
DA:77,2
DA:78,2
DA:79,2
DA:80,2
DA:81,2
DA:82,2
DA:83,2
DA:84,2
DA:85,2
DA:86,2
DA:87,2
DA:88,2
DA:89,2
DA:90,2
DA:91,2
DA:92,2
DA:93,2
DA:94,2
DA:95,2
DA:96,2
DA:97,2
DA:98,2
DA:99,2
DA:100,2
DA:101,2
DA:102,2
DA:103,2
DA:104,2
DA:105,2
DA:106,2
DA:107,2
DA:108,2
DA:109,2
DA:110,2
DA:111,2
DA:112,2
DA:113,2
DA:114,2
DA:115,2
DA:116,2
DA:117,2
DA:118,2
DA:119,2
DA:120,2
DA:121,2
DA:122,2
DA:123,2
DA:124,2
DA:125,2
DA:126,2
DA:127,2
DA:128,2
DA:129,2
DA:130,2
DA:131,2
DA:132,2
DA:133,2
DA:134,2
DA:135,2
DA:136,2
DA:137,2
DA:138,2
DA:139,2
DA:140,2
DA:141,2
DA:142,2
DA:143,2
DA:144,2
DA:145,2
DA:146,2
DA:147,2
DA:148,2
DA:149,2
DA:150,2
DA:151,2
DA:152,2
DA:153,2
DA:154,2
DA:155,2
DA:156,2
DA:157,2
DA:158,2
DA:159,2
DA:160,2
DA:161,2
DA:162,2
DA:163,2
DA:164,2
DA:165,2
DA:166,165
DA:167,165
DA:168,165
DA:169,165
DA:170,165
DA:171,165
DA:172,165
DA:173,165
DA:174,0
DA:175,0
DA:176,165
DA:177,2
DA:178,2
DA:179,2
DA:180,32
DA:181,8
DA:182,8
DA:183,24
DA:184,24
DA:185,24
DA:186,24
DA:187,24
DA:188,24
DA:189,24
DA:190,24
DA:191,24
DA:192,24
DA:193,24
DA:194,24
DA:195,24
DA:196,24
DA:197,24
DA:198,24
DA:199,24
DA:200,24
DA:201,24
DA:202,24
DA:203,24
DA:204,24
DA:205,24
DA:206,24
DA:207,24
DA:208,24
DA:209,82
DA:210,82
DA:211,82
DA:212,82
DA:213,82
DA:214,82
DA:215,82
DA:216,82
DA:217,82
DA:218,82
DA:219,82
DA:220,82
DA:221,82
DA:222,82
DA:223,82
DA:224,82
DA:225,82
DA:226,82
DA:227,82
DA:228,82
DA:229,82
DA:230,82
DA:231,82
DA:232,82
DA:233,82
DA:234,82
DA:235,82
DA:236,82
DA:237,82
DA:238,82
DA:239,82
DA:240,82
DA:241,82
DA:242,82
DA:243,82
DA:244,82
DA:245,24
DA:246,24
DA:247,24
DA:248,24
DA:249,24
DA:250,24
DA:251,24
DA:252,32
DA:253,32
DA:254,32
DA:255,32
DA:256,32
DA:257,32
DA:258,32
DA:259,2
DA:260,2
DA:261,2
DA:262,0
DA:263,0
DA:264,0
DA:265,0
DA:266,0
DA:267,0
DA:268,0
DA:269,2
DA:270,2
DA:271,1
DA:272,1
DA:273,1
DA:274,1
DA:275,1
DA:276,1
DA:277,2
DA:278,2
DA:279,2
DA:280,2
DA:281,2
DA:282,2
DA:283,2
DA:284,0
DA:285,0
DA:286,0
DA:287,2
DA:288,2
DA:289,1
DA:290,1
DA:291,1
DA:292,1
DA:293,1
DA:294,1
DA:295,1
DA:296,1
DA:297,2
DA:298,2
DA:299,1
DA:300,1
DA:301,1
DA:302,1
DA:303,2
DA:304,2
DA:305,2
DA:306,1
DA:307,1
DA:308,1
DA:309,1
DA:310,1
DA:311,1
DA:312,1
DA:313,1
DA:314,1
DA:315,0
DA:316,0
DA:317,1
DA:318,2
DA:319,2
DA:320,0
DA:321,0
DA:322,0
DA:323,0
DA:324,0
DA:325,0
DA:326,0
DA:327,0
DA:328,0
DA:329,0
DA:330,0
DA:331,0
DA:332,0
DA:333,0
DA:334,0
DA:335,2
DA:336,2
DA:337,32
DA:338,32
DA:339,29
DA:340,29
DA:341,29
DA:342,130
DA:343,130
DA:344,29
DA:345,29
DA:346,29
DA:347,29
DA:348,29
DA:349,29
DA:350,29
DA:351,32
DA:352,2
DA:353,2
DA:354,2
LF:354
LH:325
BRDA:1,0,0,2
BRDA:8,1,0,2
BRDA:16,2,0,16
BRDA:22,3,0,2
BRDA:165,4,0,165
BRDA:166,5,0,0
BRDA:173,6,0,0
BRDA:179,7,0,32
BRDA:180,8,0,8
BRDA:183,9,0,24
BRDA:252,10,0,2
BRDA:252,11,0,2
BRDA:208,12,0,82
BRDA:213,13,0,0
BRDA:218,14,0,0
BRDA:219,15,0,0
BRDA:222,16,0,0
BRDA:223,17,0,0
BRDA:224,18,0,0
BRDA:225,19,0,0
BRDA:336,20,0,32
BRDA:339,21,0,29
BRDA:341,22,0,130
BRDA:343,23,0,2
BRDA:348,24,0,29
BRDA:230,25,0,61
BRDA:237,26,0,61
BRDA:270,27,0,2
BRDA:278,28,0,3
BRDA:288,29,0,2
BRDA:298,30,0,2
BRDA:300,31,0,1
BRDA:314,32,0,1
BRDA:302,33,0,3
BRDA:313,34,0,3
BRDA:338,35,0,29
BRDA:347,36,0,28
BRDA:343,37,0,128
BRF:38
BRH:29
end_of_record
TN:
SF:src/data/initial-employees.js
FNF:0
FNH:0
DA:1,3
DA:2,3
DA:3,3
DA:4,3
DA:5,3
DA:6,3
DA:7,3
DA:8,3
DA:9,3
DA:10,3
DA:11,3
DA:12,3
DA:13,3
DA:14,3
DA:15,3
DA:16,3
DA:17,3
DA:18,3
DA:19,3
DA:20,3
DA:21,3
DA:22,3
DA:23,3
DA:24,3
DA:25,3
DA:26,3
DA:27,3
DA:28,3
DA:29,3
DA:30,3
DA:31,3
DA:32,3
DA:33,3
DA:34,3
DA:35,3
DA:36,3
DA:37,3
DA:38,3
DA:39,3
DA:40,3
DA:41,3
DA:42,3
DA:43,3
DA:44,3
DA:45,3
DA:46,3
DA:47,3
DA:48,3
DA:49,3
DA:50,3
DA:51,3
DA:52,3
DA:53,3
DA:54,3
DA:55,3
DA:56,3
DA:57,3
DA:58,3
DA:59,3
DA:60,3
DA:61,3
DA:62,3
DA:63,3
DA:64,3
DA:65,3
DA:66,3
DA:67,3
DA:68,3
DA:69,3
DA:70,3
DA:71,3
DA:72,3
DA:73,3
DA:74,3
DA:75,3
DA:76,3
DA:77,3
DA:78,3
DA:79,3
DA:80,3
DA:81,3
DA:82,3
DA:83,3
DA:84,3
DA:85,3
DA:86,3
DA:87,3
DA:88,3
DA:89,3
DA:90,3
DA:91,3
DA:92,3
DA:93,3
DA:94,3
DA:95,3
DA:96,3
DA:97,3
DA:98,3
DA:99,3
DA:100,3
DA:101,3
DA:102,3
DA:103,3
DA:104,3
DA:105,3
DA:106,3
DA:107,3
DA:108,3
DA:109,3
DA:110,3
DA:111,3
DA:112,3
DA:113,3
DA:114,3
DA:115,3
DA:116,3
DA:117,3
DA:118,3
DA:119,3
DA:120,3
DA:121,3
DA:122,3
DA:123,3
DA:124,3
DA:125,3
DA:126,3
DA:127,3
DA:128,3
DA:129,3
DA:130,3
DA:131,3
DA:132,3
DA:133,3
DA:134,3
DA:135,3
DA:136,3
DA:137,3
DA:138,3
DA:139,3
DA:140,3
DA:141,3
DA:142,3
DA:143,3
DA:144,3
DA:145,3
DA:146,3
DA:147,3
DA:148,3
DA:149,3
DA:150,3
DA:151,3
DA:152,3
DA:153,3
DA:154,3
DA:155,3
DA:156,3
DA:157,3
DA:158,3
DA:159,3
DA:160,3
DA:161,3
DA:162,3
DA:163,3
DA:164,3
DA:165,3
DA:166,3
DA:167,3
DA:168,3
DA:169,3
DA:170,3
DA:171,3
DA:172,3
DA:173,3
DA:174,3
DA:175,3
DA:176,3
DA:177,3
DA:178,3
DA:179,3
DA:180,3
DA:181,3
DA:182,3
DA:183,3
DA:184,3
DA:185,3
DA:186,3
DA:187,3
DA:188,3
DA:189,3
DA:190,3
DA:191,3
DA:192,3
DA:193,3
DA:194,3
DA:195,3
DA:196,3
DA:197,3
DA:198,3
DA:199,3
DA:200,3
LF:200
LH:200
BRDA:1,0,0,3
BRF:1
BRH:1
end_of_record
TN:
SF:src/layout/app-nav.js
FN:6,get properties
FN:13,get styles
FN:103,AppNav
FN:110,render
FN:140,_handleClick
FN:146,_toggleLanguage
FN:158,updateComponents
FNF:7
FNH:7
FNDA:1,get properties
FNDA:1,get styles
FNDA:7,AppNav
FNDA:10,render
FNDA:1,_handleClick
FNDA:2,_toggleLanguage
FNDA:2,updateComponents
DA:1,1
DA:2,1
DA:3,1
DA:4,1
DA:5,1
DA:6,1
DA:7,1
DA:8,1
DA:9,1
DA:10,1
DA:11,1
DA:12,1
DA:13,1
DA:14,1
DA:15,1
DA:16,1
DA:17,1
DA:18,1
DA:19,1
DA:20,1
DA:21,1
DA:22,1
DA:23,1
DA:24,1
DA:25,1
DA:26,1
DA:27,1
DA:28,1
DA:29,1
DA:30,1
DA:31,1
DA:32,1
DA:33,1
DA:34,1
DA:35,1
DA:36,1
DA:37,1
DA:38,1
DA:39,1
DA:40,1
DA:41,1
DA:42,1
DA:43,1
DA:44,1
DA:45,1
DA:46,1
DA:47,1
DA:48,1
DA:49,1
DA:50,1
DA:51,1
DA:52,1
DA:53,1
DA:54,1
DA:55,1
DA:56,1
DA:57,1
DA:58,1
DA:59,1
DA:60,1
DA:61,1
DA:62,1
DA:63,1
DA:64,1
DA:65,1
DA:66,1
DA:67,1
DA:68,1
DA:69,1
DA:70,1
DA:71,1
DA:72,1
DA:73,1
DA:74,1
DA:75,1
DA:76,1
DA:77,1
DA:78,1
DA:79,1
DA:80,1
DA:81,1
DA:82,1
DA:83,1
DA:84,1
DA:85,1
DA:86,1
DA:87,1
DA:88,1
DA:89,1
DA:90,1
DA:91,1
DA:92,1
DA:93,1
DA:94,1
DA:95,1
DA:96,1
DA:97,1
DA:98,1
DA:99,1
DA:100,1
DA:101,1
DA:102,1
DA:103,1
DA:104,7
DA:105,7
DA:106,7
DA:107,7
DA:108,7
DA:109,1
DA:110,1
DA:111,10
DA:112,10
DA:113,10
DA:114,10
DA:115,10
DA:116,10
DA:117,10
DA:118,10
DA:119,10
DA:120,10
DA:121,10
DA:122,10
DA:123,10
DA:124,10
DA:125,10
DA:126,10
DA:127,10
DA:128,10
DA:129,10
DA:130,10
DA:131,10
DA:132,10
DA:133,10
DA:134,10
DA:135,10
DA:136,10
DA:137,10
DA:138,10
DA:139,1
DA:140,1
DA:141,1
DA:142,1
DA:143,1
DA:144,1
DA:145,1
DA:146,1
DA:147,2
DA:148,2
DA:149,2
DA:150,2
DA:151,2
DA:152,2
DA:153,2
DA:154,2
DA:155,2
DA:156,2
DA:157,2
DA:158,2
DA:159,2
DA:160,2
DA:161,2
DA:162,2
DA:163,2
DA:164,2
DA:165,2
DA:166,6
DA:167,6
DA:168,2
DA:169,2
DA:170,2
DA:171,2
DA:172,2
DA:173,2
DA:174,1
DA:175,1
DA:176,1
LF:176
LH:176
BRDA:1,0,0,1
BRDA:6,1,0,1
BRDA:13,2,0,1
BRDA:103,3,0,7
BRDA:106,4,0,3
BRDA:110,5,0,10
BRDA:132,6,0,3
BRDA:133,7,0,7
BRDA:140,8,0,1
BRDA:146,9,0,2
BRDA:147,10,0,1
BRDA:147,11,0,1
BRDA:158,12,0,2
BRDA:165,13,0,6
BRDA:167,14,0,0
BRF:15
BRH:14
end_of_record
TN:
SF:src/store/employee-store.js
FN:4,EmployeeStore
FN:20,getEmployees
FN:29,getEmployeeById
FN:38,saveEmployee
FN:72,deleteEmployee
FN:82,searchEmployees
FN:96,validateEmployee
FN:115,isEmailTaken
FN:125,persistToStorage
FNF:9
FNH:7
FNDA:13,EmployeeStore
FNDA:0,getEmployees
FNDA:0,getEmployeeById
FNDA:8,saveEmployee
FNDA:1,deleteEmployee
FNDA:1,searchEmployees
FNDA:8,validateEmployee
FNDA:7,isEmailTaken
FNDA:18,persistToStorage
DA:1,3
DA:2,3
DA:3,3
DA:4,3
DA:5,13
DA:6,13
DA:7,13
DA:8,13
DA:9,13
DA:10,13
DA:11,13
DA:12,11
DA:13,13
DA:14,13
DA:15,3
DA:16,3
DA:17,3
DA:18,3
DA:19,3
DA:20,3
DA:21,0
DA:22,0
DA:23,3
DA:24,3
DA:25,3
DA:26,3
DA:27,3
DA:28,3
DA:29,3
DA:30,0
DA:31,0
DA:32,3
DA:33,3
DA:34,3
DA:35,3
DA:36,3
DA:37,3
DA:38,3
DA:39,8
DA:40,1
DA:41,1
DA:42,7
DA:43,8
DA:44,1
DA:45,1
DA:46,6
DA:47,8
DA:48,1
DA:49,1
DA:50,1
DA:51,8
DA:52,5
DA:53,5
DA:54,5
DA:55,5
DA:56,5
DA:57,5
DA:58,5
DA:59,5
DA:60,5
DA:61,5
DA:62,6
DA:63,6
DA:64,6
DA:65,8
DA:66,3
DA:67,3
DA:68,3
DA:69,3
DA:70,3
DA:71,3
DA:72,3
DA:73,1
DA:74,1
DA:75,1
DA:76,3
DA:77,3
DA:78,3
DA:79,3
DA:80,3
DA:81,3
DA:82,3
DA:83,1
DA:84,1
DA:85,2
DA:86,2
DA:87,2
DA:88,2
DA:89,1
DA:90,1
DA:91,3
DA:92,3
DA:93,3
DA:94,3
DA:95,3
DA:96,3
DA:97,8
DA:98,8
DA:99,8
DA:100,8
DA:101,8
DA:102,8
DA:103,8
DA:104,8
DA:105,8
DA:106,8
DA:107,8
DA:108,8
DA:109,8
DA:110,3
DA:111,3
DA:112,3
DA:113,3
DA:114,3
DA:115,3
DA:116,7
DA:117,109
DA:118,7
DA:119,7
DA:120,3
DA:121,3
DA:122,3
DA:123,3
DA:124,3
DA:125,3
DA:126,18
DA:127,18
DA:128,18
DA:129,0
DA:130,0
DA:131,0
DA:132,18
DA:133,3
DA:134,3
DA:135,3
LF:135
LH:128
BRDA:1,0,0,3
BRDA:4,1,0,13
BRDA:8,2,0,2
BRDA:125,3,0,18
BRDA:128,4,0,0
BRDA:9,5,0,11
BRDA:11,6,0,11
BRDA:38,7,0,10
BRDA:39,8,0,3
BRDA:42,9,0,9
BRDA:43,10,0,3
BRDA:46,11,0,8
BRDA:47,12,0,3
BRDA:51,13,0,7
BRDA:62,14,0,8
BRDA:53,15,0,7
BRDA:72,16,0,3
BRDA:73,17,0,20
BRDA:82,18,0,3
BRDA:84,19,0,4
BRDA:86,20,0,3
BRDA:87,21,0,3
BRDA:96,22,0,10
BRDA:108,23,0,60
BRDA:115,24,0,9
BRDA:116,25,0,111
BRDA:117,26,0,4
BRF:27
BRH:26
end_of_record
TN:
SF:src/utils/i18n.js
FN:2,t
FNF:1
FNH:1
FNDA:1363,t
DA:1,6
DA:2,6
DA:3,1363
DA:4,1363
DA:5,1363
DA:6,1363
DA:7,1363
DA:8,1363
DA:9,1363
DA:10,1363
DA:11,1363
DA:12,1363
DA:13,1363
DA:14,1363
DA:15,1363
DA:16,1363
DA:17,1363
DA:18,1363
DA:19,1363
DA:20,1363
DA:21,1363
DA:22,1363
DA:23,1363
DA:24,1363
DA:25,1363
DA:26,1363
DA:27,1363
DA:28,1363
DA:29,1363
DA:30,1363
DA:31,1363
DA:32,1363
DA:33,1363
DA:34,1363
DA:35,1363
DA:36,1363
DA:37,1363
DA:38,1363
DA:39,1363
DA:40,1363
DA:41,1363
DA:42,1363
DA:43,1363
DA:44,1363
DA:45,1363
DA:46,1363
DA:47,1363
DA:48,1363
DA:49,1363
DA:50,1363
DA:51,1363
DA:52,1363
DA:53,1363
DA:54,1363
DA:55,1363
DA:56,1363
DA:57,1363
DA:58,1363
DA:59,1363
DA:60,1363
DA:61,1363
DA:62,1363
DA:63,1363
DA:64,1363
DA:65,1363
DA:66,1363
DA:67,1363
DA:68,1363
DA:69,1363
DA:70,1363
DA:71,1363
DA:72,1363
DA:73,1363
DA:74,1363
DA:75,1363
DA:76,1363
DA:77,1363
DA:78,1363
DA:79,1363
DA:80,1363
DA:81,1363
DA:82,1363
DA:83,1363
DA:84,1363
DA:85,1363
DA:86,1363
DA:87,1363
DA:88,1363
DA:89,1363
DA:90,1363
DA:91,1363
DA:92,1363
DA:93,1363
DA:94,1363
DA:95,1363
DA:96,1363
DA:97,1363
DA:98,1363
DA:99,1363
DA:100,1363
DA:101,1363
DA:102,1363
DA:103,1363
DA:104,1363
DA:105,1363
DA:106,1363
DA:107,1363
DA:108,1363
DA:109,1363
DA:110,1363
DA:111,1363
DA:112,1363
DA:113,1363
DA:114,1363
DA:115,1363
DA:116,1363
DA:117,1363
DA:118,1363
DA:119,1363
DA:120,1363
DA:121,1363
DA:122,1363
DA:123,1363
DA:124,1363
DA:125,1363
DA:126,1363
DA:127,1363
DA:128,1363
DA:129,1363
DA:130,1363
DA:131,1363
DA:132,1363
DA:133,1363
DA:134,1363
DA:135,1363
DA:136,1363
DA:137,1363
DA:138,1363
DA:139,1363
DA:140,1363
DA:141,1363
DA:142,1363
DA:143,1363
DA:144,1363
DA:145,1363
DA:146,1363
DA:147,1363
DA:148,1363
DA:149,1363
DA:150,1363
DA:151,1363
DA:152,1363
DA:153,1363
DA:154,1363
DA:155,1363
DA:156,1363
DA:157,1363
DA:158,1363
DA:159,1363
DA:160,1363
DA:161,1363
DA:162,1363
DA:163,1363
DA:164,1363
DA:165,1363
DA:166,1363
DA:167,1363
DA:168,1363
DA:169,1363
DA:170,1363
DA:171,2801
DA:172,2801
DA:173,2801
DA:174,0
DA:175,0
DA:176,2801
DA:177,1363
DA:178,1363
DA:179,1363
DA:180,1363
DA:181,0
DA:182,1363
DA:183,1363
DA:184,6
LF:184
LH:181
BRDA:1,0,0,6
BRDA:2,1,0,1363
BRDA:166,2,0,1343
BRDA:170,3,0,2801
BRDA:173,4,0,0
BRDA:181,5,0,0
BRDA:179,6,0,333
BRDA:179,7,0,333
BRF:8
BRH:6
end_of_record
